TN:
SF:src\components\Rooms\BookingDetails.jsx
FN:3,BookingDetails
FNF:1
FNH:1
FNDA:3,BookingDetails
DA:1,1
DA:2,1
DA:3,1
DA:4,3
DA:5,3
DA:6,3
DA:7,3
DA:8,3
DA:9,3
DA:10,3
DA:11,3
DA:12,3
DA:13,3
DA:14,3
DA:15,3
DA:16,3
DA:17,3
DA:18,3
DA:19,3
DA:20,1
LF:20
LH:20
BRDA:3,0,0,3
BRF:1
BRH:1
end_of_record
TN:
SF:src\components\Rooms\BookingHistory.jsx
FN:3,BookingHistory
FN:13,handleBookingClick
FN:38,onClick
FNF:3
FNH:3
FNDA:3,BookingHistory
FNDA:1,handleBookingClick
FNDA:1,onClick
DA:1,1
DA:2,1
DA:3,1
DA:4,3
DA:5,3
DA:6,3
DA:7,3
DA:8,3
DA:9,3
DA:10,3
DA:11,3
DA:12,3
DA:13,3
DA:14,1
DA:15,3
DA:16,3
DA:17,3
DA:18,3
DA:19,3
DA:20,3
DA:21,3
DA:22,3
DA:23,3
DA:24,3
DA:25,3
DA:26,3
DA:27,3
DA:28,3
DA:29,3
DA:30,3
DA:31,3
DA:32,3
DA:33,3
DA:34,3
DA:35,6
DA:36,6
DA:37,6
DA:38,6
DA:39,6
DA:40,6
DA:41,6
DA:42,6
DA:43,6
DA:44,6
DA:45,6
DA:46,6
DA:47,6
DA:48,6
DA:49,6
DA:50,6
DA:51,6
DA:52,6
DA:53,6
DA:54,6
DA:55,6
DA:56,6
DA:57,6
DA:58,3
DA:59,3
DA:60,3
DA:61,3
DA:62,3
DA:63,3
DA:64,3
DA:65,3
DA:66,1
LF:66
LH:66
BRDA:3,0,0,3
BRDA:13,1,0,1
BRDA:34,2,0,6
BRDA:53,3,0,0
BRDA:38,4,0,1
BRF:5
BRH:4
end_of_record
TN:
SF:src\components\Rooms\CurrentBooking.jsx
FN:3,CurrentBooking
FNF:1
FNH:1
FNDA:3,CurrentBooking
DA:1,1
DA:2,1
DA:3,1
DA:4,3
DA:5,3
DA:6,3
DA:7,3
DA:8,3
DA:9,3
DA:10,3
DA:11,3
DA:12,1
DA:13,1
DA:14,1
DA:15,1
DA:16,1
DA:17,1
DA:18,1
DA:19,2
DA:20,2
DA:21,2
DA:22,2
DA:23,2
DA:24,3
DA:25,3
DA:26,3
DA:27,3
DA:28,3
DA:29,3
DA:30,3
DA:31,3
DA:32,3
DA:33,3
DA:34,3
DA:35,3
DA:36,3
DA:37,3
DA:38,3
DA:39,3
DA:40,3
DA:41,3
DA:42,3
DA:43,3
DA:44,3
DA:45,3
DA:46,3
DA:47,3
DA:48,3
DA:49,3
DA:50,3
DA:51,3
DA:52,3
DA:53,3
DA:54,3
DA:55,3
DA:56,1
DA:57,1
LF:57
LH:57
BRDA:3,0,0,3
BRDA:11,1,0,1
BRDA:18,2,0,2
BRDA:24,3,0,0
BRF:4
BRH:3
end_of_record
TN:
SF:src\components\Rooms\RoomCard.jsx
FN:2,RoomCard
FN:41,onClick
FNF:2
FNH:2
FNDA:12,RoomCard
FNDA:2,onClick
DA:1,1
DA:2,1
DA:3,12
DA:4,12
DA:5,12
DA:6,12
DA:7,12
DA:8,12
DA:9,12
DA:10,12
DA:11,12
DA:12,12
DA:13,12
DA:14,12
DA:15,12
DA:16,12
DA:17,12
DA:18,12
DA:19,12
DA:20,12
DA:21,12
DA:22,12
DA:23,12
DA:24,12
DA:25,12
DA:26,12
DA:27,12
DA:28,12
DA:29,12
DA:30,12
DA:31,12
DA:32,12
DA:33,12
DA:34,12
DA:35,12
DA:36,12
DA:37,12
DA:38,12
DA:39,12
DA:40,12
DA:41,12
DA:42,12
DA:43,12
DA:44,12
DA:45,12
DA:46,4
DA:47,12
DA:48,12
DA:49,12
DA:50,12
DA:51,12
DA:52,12
DA:53,12
DA:54,1
LF:54
LH:54
BRDA:2,0,0,12
BRDA:12,1,0,7
BRDA:22,2,0,5
BRDA:22,3,0,7
BRDA:25,4,0,7
BRDA:30,5,0,7
BRDA:30,6,0,0
BRDA:38,7,0,7
BRDA:43,8,0,5
BRDA:45,9,0,5
BRDA:46,10,0,4
BRDA:47,11,0,8
BRDA:41,12,0,2
BRF:13
BRH:12
end_of_record
TN:
SF:src\components\Rooms\RoomList.jsx
FN:5,RoomList
FNF:1
FNH:1
FNDA:9,RoomList
DA:1,1
DA:2,1
DA:3,1
DA:4,1
DA:5,1
DA:6,9
DA:7,9
DA:8,9
DA:9,9
DA:10,9
DA:11,9
DA:12,9
DA:13,9
DA:14,9
DA:15,9
DA:16,9
DA:17,9
DA:18,4
DA:19,3
DA:20,3
DA:21,9
DA:22,9
DA:23,9
DA:24,9
DA:25,5
DA:26,4
DA:27,4
DA:28,4
DA:29,5
DA:30,1
DA:31,1
DA:32,5
DA:33,0
DA:34,0
DA:35,5
DA:36,0
DA:37,0
DA:38,5
DA:39,0
DA:40,0
DA:41,4
DA:42,4
DA:43,9
DA:44,9
DA:45,9
DA:46,9
DA:47,9
DA:48,9
DA:49,9
DA:50,9
DA:51,4
DA:52,7
DA:53,4
DA:54,5
DA:55,5
DA:56,5
DA:57,5
DA:58,5
DA:59,5
DA:60,9
DA:61,9
DA:62,9
DA:63,9
DA:64,9
DA:65,1
LF:65
LH:59
BRDA:5,0,0,9
BRDA:50,1,0,4
BRDA:54,2,0,5
BRDA:57,3,0,1
BRDA:57,4,0,4
BRDA:17,5,0,4
BRDA:18,6,0,3
BRDA:24,7,0,5
BRDA:25,8,0,1
BRDA:25,9,0,4
BRDA:29,10,0,1
BRDA:31,11,0,4
BRDA:32,12,0,0
BRDA:34,13,0,4
BRDA:35,14,0,0
BRDA:37,15,0,4
BRDA:38,16,0,0
BRDA:40,17,0,4
BRDA:30,18,0,2
BRDA:51,19,0,7
BRF:20
BRH:17
end_of_record
TN:
SF:src\components\ui\filter.jsx
FN:3,Filter
FN:4,handleChange
FN:9,clearFilters
FNF:3
FNH:2
FNDA:9,Filter
FNDA:1,handleChange
FNDA:0,clearFilters
DA:1,1
DA:2,1
DA:3,1
DA:4,9
DA:5,1
DA:6,1
DA:7,9
DA:8,9
DA:9,9
DA:10,0
DA:11,0
DA:12,0
DA:13,0
DA:14,0
DA:15,0
DA:16,0
DA:17,0
DA:18,9
DA:19,9
DA:20,9
DA:21,9
DA:22,9
DA:23,9
DA:24,9
DA:25,9
DA:26,9
DA:27,9
DA:28,9
DA:29,9
DA:30,9
DA:31,9
DA:32,9
DA:33,9
DA:34,9
DA:35,9
DA:36,9
DA:37,9
DA:38,9
DA:39,9
DA:40,9
DA:41,9
DA:42,9
DA:43,9
DA:44,9
DA:45,9
DA:46,9
DA:47,9
DA:48,9
DA:49,9
DA:50,9
DA:51,9
DA:52,9
DA:53,9
DA:54,9
DA:55,9
DA:56,9
DA:57,9
DA:58,9
DA:59,9
DA:60,9
DA:61,9
DA:62,9
DA:63,9
DA:64,9
DA:65,9
DA:66,9
DA:67,9
DA:68,9
DA:69,9
DA:70,9
DA:71,9
DA:72,9
DA:73,9
DA:74,9
DA:75,9
DA:76,9
DA:77,9
DA:78,9
DA:79,9
DA:80,9
DA:81,9
DA:82,9
DA:83,9
DA:84,9
DA:85,9
DA:86,9
DA:87,9
DA:88,9
DA:89,9
DA:90,9
DA:91,9
DA:92,9
DA:93,9
DA:94,9
DA:95,9
DA:96,9
DA:97,9
DA:98,9
DA:99,9
DA:100,9
DA:101,9
DA:102,9
DA:103,9
DA:104,9
DA:105,9
DA:106,9
DA:107,9
DA:108,9
DA:109,9
DA:110,9
DA:111,9
DA:112,9
DA:113,9
DA:114,9
DA:115,9
DA:116,9
DA:117,9
DA:118,1
DA:119,1
LF:119
LH:111
BRDA:3,0,0,9
BRDA:4,1,0,1
BRDA:6,2,0,1
BRF:3
BRH:3
end_of_record
TN:
SF:src\data\BookingContext.jsx
FN:7,BookingProvider
FN:85,fetchRooms
FN:98,fetchBookings
FN:115,bookRoom
FN:148,cancelBooking
FN:152,mockBookings.map.booking.bookingId.bookingId
FNF:6
FNH:6
FNDA:13,BookingProvider
FNDA:6,fetchRooms
FNDA:6,fetchBookings
FNDA:1,bookRoom
FNDA:1,cancelBooking
FNDA:1,mockBookings.map.booking.bookingId.bookingId
DA:1,1
DA:2,1
DA:3,1
DA:4,1
DA:5,1
DA:6,1
DA:7,1
DA:8,13
DA:9,13
DA:10,13
DA:11,13
DA:12,13
DA:13,13
DA:14,13
DA:15,13
DA:16,13
DA:17,13
DA:18,13
DA:19,13
DA:20,13
DA:21,13
DA:22,13
DA:23,13
DA:24,13
DA:25,13
DA:26,13
DA:27,13
DA:28,13
DA:29,13
DA:30,13
DA:31,13
DA:32,13
DA:33,13
DA:34,13
DA:35,13
DA:36,13
DA:37,13
DA:38,13
DA:39,13
DA:40,13
DA:41,13
DA:42,13
DA:43,13
DA:44,13
DA:45,13
DA:46,13
DA:47,13
DA:48,13
DA:49,13
DA:50,13
DA:51,13
DA:52,13
DA:53,13
DA:54,13
DA:55,13
DA:56,13
DA:57,13
DA:58,13
DA:59,13
DA:60,13
DA:61,13
DA:62,13
DA:63,13
DA:64,13
DA:65,13
DA:66,13
DA:67,13
DA:68,13
DA:69,13
DA:70,13
DA:71,13
DA:72,13
DA:73,13
DA:74,13
DA:75,13
DA:76,13
DA:77,13
DA:78,13
DA:79,13
DA:80,13
DA:81,13
DA:82,13
DA:83,13
DA:84,13
DA:85,13
DA:86,6
DA:87,6
DA:88,6
DA:89,6
DA:90,5
DA:91,5
DA:92,0
DA:93,5
DA:94,5
DA:95,5
DA:96,13
DA:97,13
DA:98,13
DA:99,6
DA:100,6
DA:101,6
DA:102,6
DA:103,5
DA:104,5
DA:105,5
DA:106,5
DA:107,6
DA:108,6
DA:109,0
DA:110,5
DA:111,5
DA:112,5
DA:113,13
DA:114,13
DA:115,13
DA:116,1
DA:117,1
DA:118,1
DA:119,1
DA:120,1
DA:121,1
DA:122,1
DA:123,1
DA:124,1
DA:125,1
DA:126,1
DA:127,1
DA:128,1
DA:129,1
DA:130,1
DA:131,1
DA:132,1
DA:133,1
DA:134,1
DA:135,1
DA:136,1
DA:137,1
DA:138,1
DA:139,1
DA:140,1
DA:141,0
DA:142,0
DA:143,1
DA:144,1
DA:145,1
DA:146,13
DA:147,13
DA:148,13
DA:149,1
DA:150,1
DA:151,1
DA:152,1
DA:153,1
DA:154,1
DA:155,1
DA:156,2
DA:157,1
DA:158,1
DA:159,1
DA:160,1
DA:161,1
DA:162,1
DA:163,1
DA:164,0
DA:165,0
DA:166,1
DA:167,1
DA:168,1
DA:169,13
DA:170,13
DA:171,13
DA:172,13
DA:173,5
DA:174,5
DA:175,13
DA:176,13
DA:177,13
DA:178,13
DA:179,13
DA:180,13
DA:181,13
DA:182,13
DA:183,13
DA:184,13
DA:185,13
DA:186,13
DA:187,13
DA:188,13
DA:189,13
DA:190,13
DA:191,13
DA:192,13
DA:193,13
DA:194,13
DA:195,1
LF:195
LH:189
BRDA:7,0,0,13
BRDA:85,1,0,6
BRDA:89,2,0,5
BRDA:91,3,0,0
BRDA:89,4,0,6
BRDA:98,5,0,6
BRDA:102,6,0,5
BRDA:107,7,0,0
BRDA:108,8,0,5
BRDA:108,9,0,0
BRDA:102,10,0,6
BRDA:105,11,0,5
BRDA:115,12,0,1
BRDA:140,13,0,0
BRDA:119,14,0,1
BRDA:122,15,0,1
BRDA:124,16,0,2
BRDA:148,17,0,1
BRDA:163,18,0,0
BRDA:152,19,0,1
BRDA:155,20,0,2
BRDA:157,21,0,1
BRDA:158,22,0,1
BRDA:172,23,0,5
BRF:24
BRH:19
end_of_record
TN:
SF:src\hooks\useBooking.js
FN:4,useBooking
FNF:1
FNH:1
FNDA:6,useBooking
DA:1,1
DA:2,1
DA:3,1
DA:4,1
DA:5,6
DA:6,6
DA:7,6
DA:8,4
DA:9,4
DA:10,2
DA:11,2
DA:12,2
LF:12
LH:12
BRDA:4,0,0,6
BRDA:7,1,0,4
BRDA:9,2,0,2
BRF:3
BRH:3
end_of_record
